Arguments: 
  /usr/local/Cellar/node/13.1.0/bin/node /usr/local/Cellar/yarn/1.19.1/libexec/bin/yarn.js install

PATH: 
  /Users/pavelterenin/.npm-packages/bin:/usr/local/bin:/usr/bin:/bin:/usr/sbin:/sbin

Yarn version: 
  1.19.1

Node version: 
  13.1.0

Platform: 
  darwin x64

Trace: 
  Error: getaddrinfo ENOTFOUND registry.yarnpkg.com
      at GetAddrInfoReqWrap.onlookup [as oncomplete] (dns.js:60:26)

npm manifest: 
  {
    "name": "starter",
    "description": "Data Inventory Hub",
    "version": "0.0.0",
    "scripts": {
      "ng": "ng",
      "postinstall": "npm run version-stamp",
      "start": "ng serve --proxy-config proxy/devserver.conf.json --host 0.0.0.0",
      "start:prod": "ng serve --prod --proxy-config proxy/devserver.conf.json",
      "start:local": "ng serve --proxy-config proxy/localhost.conf.json",
      "build": "npm run version-stamp && ng build --prod",
      "test": "ng test --codeCoverage=true",
      "test:ci": "ng test --watch=false --codeCoverage=true --browsers=ChromeHeadlessNoSandbox",
      "lint": "ng lint",
      "lint:fix": "ng lint --fix --force",
      "format:fix": "pretty-quick --staged",
      "precommit": "./precommit.sh",
      "precommit:windows": "precommit.bat",
      "prepush": "./prepush.sh",
      "prepush:windows": "prepush.bat",
      "e2e": "cypress open",
      "e2e:ci": "cypress run",
      "version-stamp": "node src/version-stamp.js"
    },
    "private": true,
    "dependencies": {
      "@angular/animations": "~7.2.0",
      "@angular/common": "~7.2.0",
      "@angular/compiler": "~7.2.0",
      "@angular/core": "~7.2.0",
      "@angular/forms": "~7.2.0",
      "@angular/platform-browser": "~7.2.0",
      "@angular/platform-browser-dynamic": "~7.2.0",
      "@angular/router": "~7.2.0",
      "@highcharts/map-collection": "^1.1.2",
      "@ngx-translate/core": "^11.0.1",
      "@ngx-translate/http-loader": "^4.0.0",
      "@rxweb/reactive-form-validators": "^1.9.1",
      "@trustarc/fonts": "git+https://stash.truste.com/scm/ui/fonts.git#8.0.0",
      "@trustarc/ui-toolkit": "git+https://stash.truste.com/scm/ui/toolkit.git#8.0.8",
      "@types/geojson": "^7946.0.7",
      "@types/lodash": "^4.14.121",
      "animate.css": "^3.7.2",
      "bootstrap-scss": "^4.1.3",
      "classlist.js": "^1.1.20150312",
      "core-js": "^2.5.4",
      "highcharts": "^7.0.3",
      "highcharts-angular": "^2.4.0",
      "lodash": "^4.17.15",
      "moment": "^2.22.2",
      "moment-timezone": "^0.5.23",
      "ng-mocks": "^8.0.0",
      "ngx-clipboard": "^12.1.0",
      "ngx-skeleton-loader": "^1.2.7",
      "ngx-virtual-scroller": "^1.0.12",
      "proj4": "^2.5.0",
      "rxjs": "^6.3.3",
      "svg-pan-zoom": "^3.6.0",
      "tslib": "^1.9.0",
      "web-animations-js": "^2.3.1",
      "zone.js": "~0.8.26"
    },
    "devDependencies": {
      "@angular-devkit/build-angular": "^0.13.8",
      "@angular/cli": "^7.3.9",
      "@angular/compiler-cli": "~7.2.0",
      "@angular/language-service": "~7.2.0",
      "@briebug/cypress-schematic": "^2.0.0",
      "@cypress/code-coverage": "^2.0.5",
      "@cypress/skip-test": "^2.5.0",
      "@cypress/webpack-preprocessor": "^4.1.0",
      "@istanbuljs/nyc-config-typescript": "^0.1.3",
      "@types/jasmine": "~2.8.8",
      "@types/jasminewd2": "~2.0.3",
      "@types/lodash": "^4.14.118",
      "@types/moment": "^2.13.0",
      "@types/moment-timezone": "^0.5.9",
      "@types/node": "^10.12.30",
      "axios": "^0.19.0",
      "codelyzer": "~4.5.0",
      "cypress": "^4.7.0",
      "cypress-intellij-reporter": "0.0.4",
      "husky": "^1.3.1",
      "istanbul-instrumenter-loader": "^3.0.1",
      "istanbul-lib-coverage": "^2.0.5",
      "jasmine-core": "~2.99.1",
      "jasmine-spec-reporter": "~4.2.1",
      "karma": "~3.1.1",
      "karma-chrome-launcher": "~2.2.0",
      "karma-coverage-istanbul-reporter": "~2.0.1",
      "karma-jasmine": "~1.1.2",
      "karma-jasmine-html-reporter": "^0.2.2",
      "ngx-build-plus": "^7.8.3",
      "node-sass": "^4.12.0",
      "prettier": "^1.15.2",
      "pretty-quick": "^1.8.0",
      "protractor": "~5.4.1",
      "puppeteer": "^1.10.0",
      "source-map-support": "^0.5.13",
      "ts-loader": "^6.2.1",
      "ts-node": "~7.0.1",
      "tslint": "~5.11.0",
      "typescript": "~3.2.2"
    },
    "nyc": {
      "extends": "@istanbuljs/nyc-config-typescript",
      "all": true
    }
  }

yarn manifest: 
  No manifest

Lockfile: 
  No lockfile
